<?xml version="1.0" encoding="UTF-8"?>
<testng-results skipped="0" failed="0" ignored="0" total="0" passed="0">
  <reporter-output>
  </reporter-output>
  <suite name="com.ebfs.ecommerce.january_eve_automation_framework.AppTest" duration-ms="2" started-at="2019-07-08T03:27:36Z" finished-at="2019-07-08T03:27:36Z">
    <groups>
    </groups>
    <test name="Command line test" duration-ms="2" started-at="2019-07-08T03:27:36Z" finished-at="2019-07-08T03:27:36Z">
    </test> <!-- Command line test -->
  </suite> <!-- com.ebfs.ecommerce.january_eve_automation_framework.AppTest -->
</testng-results>
